Using pre-set license
Built from '2020.3/release' branch; Version is '2020.3.1f1 (77a89f25062f) revision 7841951'; Using compiler version '192528614'; Build Type 'Release'
OS: 'Windows 10 Pro Education; OS build 19042.1237; Version 2009; 64bit' Language: 'es' Physical Memory: 16296 MB
BatchMode: 1, IsHumanControllingUs: 0, StartBugReporterOnCrash: 0, Is64bit: 1, IsPro: 0

 COMMAND LINE ARGUMENTS:
C:\Program Files\Unity\Hub\Editor\2020.3.1f1\Editor\Unity.exe
-adb2
-batchMode
-noUpm
-name
AssetImportWorker0
-projectPath
D:/2ยบ GS/Programacion/PR01-DEIM/Ejercicio 01 Sergio Jurado
-logFile
Logs/AssetImportWorker0.log
-srvPort
63215
Successfully changed project path to: D:/2ยบ GS/Programacion/PR01-DEIM/Ejercicio 01 Sergio Jurado
D:/2ยบ GS/Programacion/PR01-DEIM/Ejercicio 01 Sergio Jurado
Using Asset Import Pipeline V2.
Refreshing native plugins compatible for Editor in 20.42 ms, found 0 plugins.
Preloading 0 native plugins for Editor in 0.00 ms.
Initialize engine version: 2020.3.1f1 (77a89f25062f)
[Subsystems] Discovering subsystems at path C:/Program Files/Unity/Hub/Editor/2020.3.1f1/Editor/Data/Resources/UnitySubsystems
[Subsystems] Discovering subsystems at path D:/2ยบ GS/Programacion/PR01-DEIM/Ejercicio 01 Sergio Jurado/Assets
GfxDevice: creating device client; threaded=0
Direct3D:
    Version:  Direct3D 11.0 [level 11.1]
    Renderer: NVIDIA GeForce GTX 1660 SUPER (ID=0x21c4)
    Vendor:   
    VRAM:     5991 MB
    Driver:   27.21.14.5730
Initialize mono
Mono path[0] = 'C:/Program Files/Unity/Hub/Editor/2020.3.1f1/Editor/Data/Managed'
Mono path[1] = 'C:/Program Files/Unity/Hub/Editor/2020.3.1f1/Editor/Data/MonoBleedingEdge/lib/mono/unityjit'
Mono config path = 'C:/Program Files/Unity/Hub/Editor/2020.3.1f1/Editor/Data/MonoBleedingEdge/etc'
Using monoOptions --debugger-agent=transport=dt_socket,embedding=1,server=y,suspend=n,address=127.0.0.1:56732
Begin MonoManager ReloadAssembly
Registering precompiled unity dll's ...
Register platform support module: C:/Program Files/Unity/Hub/Editor/2020.3.1f1/Editor/Data/PlaybackEngines/WindowsStandaloneSupport/UnityEditor.WindowsStandalone.Extensions.dll
Registered in 0.001458 seconds.
Native extension for WindowsStandalone target not found
Refreshing native plugins compatible for Editor in 20.23 ms, found 0 plugins.
Preloading 0 native plugins for Editor in 0.00 ms.
Invoked RoslynAnalysisRunner static constructor.
RoslynAnalysisRunner will not be running.
RoslynAnalysisRunner has terminated.
Mono: successfully reloaded assembly
- Completed reload, in  1.399 seconds
Platform modules already initialized, skipping
Registering precompiled user dll's ...
Registered in 0.000476 seconds.
Begin MonoManager ReloadAssembly
Native extension for WindowsStandalone target not found
Refreshing native plugins compatible for Editor in 0.18 ms, found 0 plugins.
Preloading 0 native plugins for Editor in 0.00 ms.
Invoked RoslynAnalysisRunner static constructor.
RoslynAnalysisRunner will not be running.
RoslynAnalysisRunner has terminated.
Mono: successfully reloaded assembly
- Completed reload, in  0.689 seconds
Platform modules already initialized, skipping
========================================================================
Worker process is ready to serve import requests
Launched and connected shader compiler UnityShaderCompiler.exe after 0.03 seconds
Refreshing native plugins compatible for Editor in 0.18 ms, found 0 plugins.
Preloading 0 native plugins for Editor in 0.00 ms.
Unloading 1113 Unused Serialized files (Serialized files now loaded: 0)
System memory in use before: 56.9 MB.
System memory in use after: 56.9 MB.

Unloading 10 unused Assets to reduce memory usage. Loaded Objects now: 1555.
Total: 1.580000 ms (FindLiveObjects: 0.115100 ms CreateObjectMapping: 0.030400 ms MarkObjects: 1.376300 ms  DeleteObjects: 0.057300 ms)

========================================================================
Received Import Request.
  path: Assets
  artifactKey: Guid(00000000000000001000000000000000) Importer(815301076,1909f56bfc062723c751e8b465ee728b)
Start importing Assets using Guid(00000000000000001000000000000000) Importer(815301076,1909f56bfc062723c751e8b465ee728b)  -> (artifact id: 'a6374019befeac6ce670f13ba9960efb') in 0.017102 seconds
  Import took 0.018617 seconds .

========================================================================
Received Import Request.
  Time since last request: 7.957541 seconds.
  path: Assets/Ejercicios.cs
  artifactKey: Guid(92f387fccd013484c8deee495b4155c1) Importer(815301076,1909f56bfc062723c751e8b465ee728b)
Start importing Assets/Ejercicios.cs using Guid(92f387fccd013484c8deee495b4155c1) Importer(815301076,1909f56bfc062723c751e8b465ee728b)  -> (artifact id: 'aae10cc88db2810648eba49319214d10') in 0.023800 seconds
  Import took 0.025434 seconds .

========================================================================
Received Import Request.
  Time since last request: 0.000210 seconds.
  path: Assets/Ejercicios.cs
  artifactKey: Guid(92f387fccd013484c8deee495b4155c1) Importer(815301076,1909f56bfc062723c751e8b465ee728b)
Start importing Assets/Ejercicios.cs using Guid(92f387fccd013484c8deee495b4155c1) Importer(815301076,1909f56bfc062723c751e8b465ee728b)  -> (artifact id: 'aae10cc88db2810648eba49319214d10') in 0.002933 seconds
  Import took 0.004557 seconds .

========================================================================
Received Prepare
Registering precompiled user dll's ...
Registered in 0.000416 seconds.
Begin MonoManager ReloadAssembly
Native extension for WindowsStandalone target not found
Refreshing native plugins compatible for Editor in 0.19 ms, found 0 plugins.
Preloading 0 native plugins for Editor in 0.00 ms.
Invoked RoslynAnalysisRunner static constructor.
RoslynAnalysisRunner will not be running.
RoslynAnalysisRunner has terminated.
Mono: successfully reloaded assembly
- Completed reload, in  0.657 seconds
Platform modules already initialized, skipping
Refreshing native plugins compatible for Editor in 0.18 ms, found 0 plugins.
Preloading 0 native plugins for Editor in 0.00 ms.
Unloading 1109 Unused Serialized files (Serialized files now loaded: 0)
System memory in use before: 56.9 MB.
System memory in use after: 56.9 MB.

Unloading 5 unused Assets to reduce memory usage. Loaded Objects now: 1559.
Total: 1.482100 ms (FindLiveObjects: 0.130300 ms CreateObjectMapping: 0.032700 ms MarkObjects: 1.281100 ms  DeleteObjects: 0.037100 ms)

========================================================================
Received Prepare
Registering precompiled user dll's ...
Registered in 0.000638 seconds.
Begin MonoManager ReloadAssembly
Native extension for WindowsStandalone target not found
Refreshing native plugins compatible for Editor in 0.19 ms, found 0 plugins.
Preloading 0 native plugins for Editor in 0.00 ms.
Invoked RoslynAnalysisRunner static constructor.
RoslynAnalysisRunner will not be running.
RoslynAnalysisRunner has terminated.
Mono: successfully reloaded assembly
- Completed reload, in  0.669 seconds
Platform modules already initialized, skipping
Refreshing native plugins compatible for Editor in 0.18 ms, found 0 plugins.
Preloading 0 native plugins for Editor in 0.00 ms.
Unloading 1109 Unused Serialized files (Serialized files now loaded: 0)
System memory in use before: 56.9 MB.
System memory in use after: 57.0 MB.

Unloading 5 unused Assets to reduce memory usage. Loaded Objects now: 1562.
Total: 1.544800 ms (FindLiveObjects: 0.131600 ms CreateObjectMapping: 0.031100 ms MarkObjects: 1.342800 ms  DeleteObjects: 0.038500 ms)

========================================================================
Received Import Request.
  Time since last request: 1357.600307 seconds.
  path: Assets/Ejercicios.cs
  artifactKey: Guid(92f387fccd013484c8deee495b4155c1) Importer(815301076,1909f56bfc062723c751e8b465ee728b)
Start importing Assets/Ejercicios.cs using Guid(92f387fccd013484c8deee495b4155c1) Importer(815301076,1909f56bfc062723c751e8b465ee728b)  -> (artifact id: 'ab378cf80dd6c248459f60816eba9603') in 0.005830 seconds
  Import took 0.007419 seconds .

========================================================================
Received Import Request.
  Time since last request: 998.922636 seconds.
  path: Assets/Ejercicios.cs
  artifactKey: Guid(92f387fccd013484c8deee495b4155c1) Importer(815301076,1909f56bfc062723c751e8b465ee728b)
Start importing Assets/Ejercicios.cs using Guid(92f387fccd013484c8deee495b4155c1) Importer(815301076,1909f56bfc062723c751e8b465ee728b)  -> (artifact id: 'd8688af958810aed9e15559b6efb502d') in 0.097663 seconds
  Import took 0.102392 seconds .

========================================================================
Received Prepare
Registering precompiled user dll's ...
Registered in 0.000515 seconds.
Begin MonoManager ReloadAssembly
Native extension for WindowsStandalone target not found
Refreshing native plugins compatible for Editor in 0.19 ms, found 0 plugins.
Preloading 0 native plugins for Editor in 0.00 ms.
Invoked RoslynAnalysisRunner static constructor.
RoslynAnalysisRunner will not be running.
RoslynAnalysisRunner has terminated.
Mono: successfully reloaded assembly
- Completed reload, in  0.667 seconds
Platform modules already initialized, skipping
Refreshing native plugins compatible for Editor in 0.18 ms, found 0 plugins.
Preloading 0 native plugins for Editor in 0.00 ms.
Unloading 1109 Unused Serialized files (Serialized files now loaded: 0)
System memory in use before: 56.9 MB.
System memory in use after: 57.0 MB.

Unloading 5 unused Assets to reduce memory usage. Loaded Objects now: 1565.
Total: 1.379700 ms (FindLiveObjects: 0.119700 ms CreateObjectMapping: 0.037400 ms MarkObjects: 1.184500 ms  DeleteObjects: 0.037300 ms)

========================================================================
Received Import Request.
  Time since last request: 21.863206 seconds.
  path: Assets/Ejercicios.cs
  artifactKey: Guid(92f387fccd013484c8deee495b4155c1) Importer(815301076,1909f56bfc062723c751e8b465ee728b)
Start importing Assets/Ejercicios.cs using Guid(92f387fccd013484c8deee495b4155c1) Importer(815301076,1909f56bfc062723c751e8b465ee728b)  -> (artifact id: 'f3e0bdcd0541909ef6ffff15029988dc') in 0.022485 seconds
  Import took 0.027680 seconds .

========================================================================
Received Prepare
Registering precompiled user dll's ...
Registered in 0.000495 seconds.
Begin MonoManager ReloadAssembly
Native extension for WindowsStandalone target not found
Refreshing native plugins compatible for Editor in 0.18 ms, found 0 plugins.
Preloading 0 native plugins for Editor in 0.00 ms.
Invoked RoslynAnalysisRunner static constructor.
RoslynAnalysisRunner will not be running.
RoslynAnalysisRunner has terminated.
Mono: successfully reloaded assembly
- Completed reload, in  0.654 seconds
Platform modules already initialized, skipping
Refreshing native plugins compatible for Editor in 0.18 ms, found 0 plugins.
Preloading 0 native plugins for Editor in 0.00 ms.
Unloading 1109 Unused Serialized files (Serialized files now loaded: 0)
System memory in use before: 56.9 MB.
System memory in use after: 57.0 MB.

Unloading 5 unused Assets to reduce memory usage. Loaded Objects now: 1568.
Total: 1.423100 ms (FindLiveObjects: 0.132500 ms CreateObjectMapping: 0.033400 ms MarkObjects: 1.219800 ms  DeleteObjects: 0.036700 ms)

========================================================================
Received Import Request.
  Time since last request: 59.956253 seconds.
  path: Assets/Ejercicios.cs
  artifactKey: Guid(92f387fccd013484c8deee495b4155c1) Importer(815301076,1909f56bfc062723c751e8b465ee728b)
Start importing Assets/Ejercicios.cs using Guid(92f387fccd013484c8deee495b4155c1) Importer(815301076,1909f56bfc062723c751e8b465ee728b)  -> (artifact id: 'f88f66b5b509fdb6aaed49396f6ca86f') in 0.005996 seconds
  Import took 0.007556 seconds .

========================================================================
Received Prepare
Registering precompiled user dll's ...
Registered in 0.000455 seconds.
Begin MonoManager ReloadAssembly
Native extension for WindowsStandalone target not found
Refreshing native plugins compatible for Editor in 0.19 ms, found 0 plugins.
Preloading 0 native plugins for Editor in 0.00 ms.
Invoked RoslynAnalysisRunner static constructor.
RoslynAnalysisRunner will not be running.
RoslynAnalysisRunner has terminated.
Mono: successfully reloaded assembly
- Completed reload, in  0.664 seconds
Platform modules already initialized, skipping
Refreshing native plugins compatible for Editor in 0.17 ms, found 0 plugins.
Preloading 0 native plugins for Editor in 0.00 ms.
Unloading 1109 Unused Serialized files (Serialized files now loaded: 0)
System memory in use before: 56.9 MB.
System memory in use after: 57.0 MB.

Unloading 5 unused Assets to reduce memory usage. Loaded Objects now: 1571.
Total: 1.357700 ms (FindLiveObjects: 0.126300 ms CreateObjectMapping: 0.037000 ms MarkObjects: 1.155900 ms  DeleteObjects: 0.037800 ms)

